<?xml version="1.0" encoding="utf-8"?><testsuites name="pytest tests"><testsuite name="pytest" errors="0" failures="0" skipped="0" tests="12" time="23.572" timestamp="redacted" hostname="redacted"><testcase classname="tests.deepeval.test_llm_quality" name="test_rag_answer_relevancy" time="2.371" /><testcase classname="tests.deepeval.test_llm_quality" name="test_rag_faithfulness" time="2.293" /><testcase classname="tests.deepeval.test_llm_quality" name="test_retrieval_context_relevancy" time="1.642" /><testcase classname="tests.deepeval.test_llm_quality" name="test_baseline_hallucination" time="1.530" /><testcase classname="tests.deepeval.test_llm_quality" name="test_build_rag_prompt_contains_required_sections" time="0.001" /><testcase classname="tests.deepeval.test_llm_quality" name="test_decompose_produces_sub_questions" time="0.000" /><testcase classname="tests.deepeval.test_llm_quality" name="test_end_to_end_pipeline_answer_relevancy" time="2.465" /><testcase classname="tests.deepeval.test_llm_quality" name="test_rag_answer_contains_kg_citations" time="2.345" /><testcase classname="tests.deepeval.test_llm_quality" name="test_multi_turn_faithfulness" time="2.763" /><testcase classname="tests.deepeval.test_llm_quality" name="test_context_budget_cuts_low_ranked_nodes" time="0.001" /><testcase classname="tests.deepeval.test_llm_quality" name="test_sparse_kg_answer_relevancy" time="2.254" /><testcase classname="tests.deepeval.test_llm_quality" name="test_rag_scores_higher_than_baseline" time="1.840" /></testsuite></testsuites>