<?xml version="1.0" encoding="utf-8"?>
<testsuites name="pytest tests">
  <testsuite name="pytest" errors="0" failures="0" skipped="0" tests="81" time="4.744" timestamp="redacted" hostname="redacted">
    <testcase classname="tests.test_kg_rag_api" name="test_tokenize_entities_and_snippet_helpers" time="0.000"/>
    <testcase classname="tests.test_kg_rag_api" name="test_knowledge_graph_lexical_search_and_bfs" time="0.001"/>
    <testcase classname="tests.test_kg_rag_api" name="test_knowledge_graph_rejects_unknown_retrieval_backend" time="0.001"/>
    <testcase classname="tests.test_kg_rag_api" name="test_retrieve_nodes_ranks_and_caps_results" time="0.001"/>
    <testcase classname="tests.test_kg_rag_api" name="test_retrieve_nodes_without_bfs" time="0.001"/>
    <testcase classname="tests.test_kg_rag_api" name="test_retrieve_nodes_caps_code_snippet_results" time="0.000"/>
    <testcase classname="tests.test_kg_rag_api" name="test_nodeinfo_score_penalizes_generic_names_and_boosts_recent_nodes" time="0.001"/>
    <testcase classname="tests.test_kg_rag_api" name="test_decompose_splits_compound_questions" time="0.000"/>
    <testcase classname="tests.test_kg_rag_api" name="test_build_context_uses_structured_facts_without_pdf_reads" time="0.001"/>
    <testcase classname="tests.test_kg_rag_api" name="test_build_context_renders_code_snippet_nodes" time="0.001"/>
    <testcase classname="tests.test_kg_rag_api" name="test_load_pdf_text_returns_empty_for_missing_file" time="0.000"/>
    <testcase classname="tests.test_kg_rag_api" name="test_missing_node_tracker_writes_jsonl" time="0.001"/>
    <testcase classname="tests.test_kg_rag_api" name="test_call_llm_timeout_error_message" time="0.001"/>
    <testcase classname="tests.test_kg_rag_api" name="test_fastapi_chat_returns_error_for_missing_messages" time="0.003"/>
    <testcase classname="tests.test_kg_rag_api" name="test_conversation_and_prompt_builders" time="0.000"/>
    <testcase classname="tests.test_kg_rag_api" name="test_make_chat_client_rejects_unknown_backend" time="0.000"/>
    <testcase classname="tests.test_kg_rag_api_extended" name="test_lexical_search_cache_hit" time="0.001"/>
    <testcase classname="tests.test_kg_rag_api_extended" name="test_weighted_bfs_multi_hop_score_attenuation" time="0.001"/>
    <testcase classname="tests.test_kg_rag_api_extended" name="test_weighted_bfs_empty_seeds" time="0.001"/>
    <testcase classname="tests.test_kg_rag_api_extended" name="test_build_context_respects_char_budget" time="0.001"/>
    <testcase classname="tests.test_kg_rag_api_extended" name="test_build_context_skips_empty_code_snippet" time="0.001"/>
    <testcase classname="tests.test_kg_rag_api_extended" name="test_format_domain_features_multiline_false" time="0.000"/>
    <testcase classname="tests.test_kg_rag_api_extended" name="test_format_domain_features_skips_incomplete_entries" time="0.000"/>
    <testcase classname="tests.test_kg_rag_api_extended" name="test_fastapi_chat_returns_rag_response" time="0.002"/>
    <testcase classname="tests.test_kg_rag_api_extended" name="test_fastapi_chat_logs_missing_node_on_zero_evidence" time="0.002"/>
    <testcase classname="tests.test_kg_rag_api_extended" name="test_fastapi_chat_logs_domain_knowledge_fallback" time="0.002"/>
    <testcase classname="tests.test_kg_rag_api_extended" name="test_fastapi_tags_returns_kg_rag_model" time="0.002"/>
    <testcase classname="tests.test_kg_rag_api_extended" name="test_fastapi_ps_returns_empty_processes" time="0.002"/>
    <testcase classname="tests.test_kg_rag_api_extended" name="test_ollama_client_chat_returns_content" time="0.001"/>
    <testcase classname="tests.test_kg_rag_api_extended" name="test_ollama_client_chat_raises_on_http_error" time="0.001"/>
    <testcase classname="tests.test_kg_rag_api_extended" name="test_cborg_client_raises_on_connection_error" time="0.255"/>
    <testcase classname="tests.test_kg_rag_api_extended" name="test_cborg_client_raises_on_timeout_error" time="0.012"/>
    <testcase classname="tests.test_kg_rag_api_extended" name="test_cborg_client_raises_on_auth_error" time="0.012"/>
    <testcase classname="tests.test_kg_rag_api_extended" name="test_retrieve_nodes_stepwise_expands_seeds" time="0.001"/>
    <testcase classname="tests.test_kg_rag_api_extended" name="test_snippet_text_no_hint_match_falls_back_to_start" time="0.000"/>
    <testcase classname="tests.test_kg_rag_api_extended" name="test_stepwise_and_bfs_combined" time="0.001"/>
    <testcase classname="tests.test_kg_rag_api_extended" name="test_knowledge_graph_raises_on_malformed_json" time="0.001"/>
    <testcase classname="tests.test_json2kg" name="test_make_id_removes_spaces_and_punctuation" time="0.000"/>
    <testcase classname="tests.test_json2kg" name="test_ensure_list_and_domain_features_handle_empty_or_bad_values" time="0.000"/>
    <testcase classname="tests.test_json2kg" name="test_build_graph_deduplicates_relations_and_stubs_targets" time="0.000"/>
    <testcase classname="tests.test_json2kg" name="test_build_graph_handles_scalar_evidence_and_unknown_names" time="0.000"/>
    <testcase classname="tests.test_json2kg" name="test_build_graph_skips_empty_short_and_unbalanced_code_snippets" time="0.000"/>
    <testcase classname="tests.test_json2kg" name="test_build_graph_remaps_removed_xray_category" time="0.000"/>
    <testcase classname="tests.test_json2kg" name="test_build_graph_remaps_code_snippet_terms_and_wires_real_snippets" time="0.000"/>
    <testcase classname="tests.test_json2kg" name="test_make_code_snippet_node_without_function_name" time="0.000"/>
    <testcase classname="tests.test_json2kg" name="test_convert_terms_to_graph_writes_output" time="0.001"/>
    <testcase classname="tests.test_json2kg" name="test_convert_terms_to_graph_accepts_top_level_list" time="0.001"/>
    <testcase classname="tests.test_json2kg" name="test_main_exits_with_error_for_missing_input" time="0.001"/>
    <testcase classname="tests.test_json2kg" name="test_main_writes_graph_for_valid_input" time="0.001"/>
    <testcase classname="tests.test_json2kg_extended" name="test_build_graph_paper_level_fallback_snippet_wiring" time="0.000"/>
    <testcase classname="tests.test_json2kg_extended" name="test_build_graph_propagates_formula_validation" time="0.000"/>
    <testcase classname="tests.test_json2kg_extended" name="test_build_graph_propagates_properties_list" time="0.000"/>
    <testcase classname="tests.test_json2kg_extended" name="test_convert_terms_to_graph_passes_code_snippets" time="0.001"/>
    <testcase classname="tests.test_json2kg_extended" name="test_convert_terms_to_graph_raises_on_invalid_json_content" time="0.001"/>
    <testcase classname="tests.test_extract_terms" name="test_make_chat_client_selects_ollama_and_rejects_unknown_backend" time="0.000"/>
    <testcase classname="tests.test_extract_terms" name="test_retry_on_exception_retries_then_succeeds" time="0.000"/>
    <testcase classname="tests.test_extract_terms" name="test_retry_on_exception_raises_last_error_after_exhaustion" time="0.000"/>
    <testcase classname="tests.test_extract_terms" name="test_extract_json_from_text_returns_largest_terms_object" time="0.000"/>
    <testcase classname="tests.test_extract_terms" name="test_extract_json_from_text_returns_empty_terms_for_malformed_text" time="0.000"/>
    <testcase classname="tests.test_extract_terms" name="test_get_context_snippet_finds_sentence_and_stamps_source" time="0.000"/>
    <testcase classname="tests.test_extract_terms" name="test_get_context_snippet_falls_back_to_start_when_term_absent" time="0.000"/>
    <testcase classname="tests.test_extract_terms" name="test_postprocess_term_marks_missing_formula_without_validation_call" time="0.000"/>
    <testcase classname="tests.test_extract_terms" name="test_postprocess_term_records_validation_error" time="0.000"/>
    <testcase classname="tests.test_extract_terms" name="test_postprocess_term_corrects_invalid_formula_with_llm_candidate" time="0.000"/>
    <testcase classname="tests.test_extract_terms" name="test_extract_code_snippets_returns_empty_for_short_pages" time="0.000"/>
    <testcase classname="tests.test_extract_terms" name="test_extract_code_snippets_merges_regex_body_with_llm_domain_context" time="0.000"/>
    <testcase classname="tests.test_extract_terms" name="test_extract_code_snippets_uses_regex_only_when_llm_fails" time="0.000"/>
    <testcase classname="tests.test_extract_terms" name="test_extract_code_snippets_applies_anonymous_llm_context" time="0.000"/>
    <testcase classname="tests.test_extract_terms" name="test_collect_code_snippets_deduplicates_and_saves_once" time="0.000"/>
    <testcase classname="tests.test_extract_terms" name="test_save_terms_threadsafe_writes_properties_key" time="0.001"/>
    <testcase classname="tests.test_extract_terms" name="test_schema_helper_validate_and_fix_term_filters_bad_relations" time="0.001"/>
    <testcase classname="tests.test_extract_terms" name="test_schema_helper_relation_validity_respects_subclasses" time="0.000"/>
    <testcase classname="tests.test_extract_terms_extended" name="test_init_resumes_from_existing_output_file" time="0.001"/>
    <testcase classname="tests.test_extract_terms_extended" name="test_call_llm_retries_then_succeeds" time="0.001"/>
    <testcase classname="tests.test_extract_terms_extended" name="test_fuzzy_merge_returns_none_when_no_registered_terms" time="0.001"/>
    <testcase classname="tests.test_extract_terms_extended" name="test_fuzzy_merge_returns_key_on_llm_match" time="0.001"/>
    <testcase classname="tests.test_extract_terms_extended" name="test_fuzzy_merge_returns_none_when_llm_response_not_registered" time="0.001"/>
    <testcase classname="tests.test_extract_terms_extended" name="test_process_page_skips_short_pages" time="0.001"/>
    <testcase classname="tests.test_extract_terms_extended" name="test_process_page_handles_llm_failure" time="0.001"/>
    <testcase classname="tests.test_extract_terms_extended" name="test_process_page_handles_json_parse_failure" time="0.001"/>
    <testcase classname="tests.test_extract_terms_extended" name="test_process_page_enriches_pub_meta_from_term_fields" time="0.001"/>
  </testsuite>
</testsuites>
