<?xml version="1.0" encoding="utf-8"?><testsuites name="pytest tests"><testsuite name="pytest" errors="0" failures="0" skipped="0" tests="312" time="4.859" timestamp="redacted" hostname="redacted"><testcase classname="tests.test_build_context_filtering.TestTriplesOnlyReferenceRenderedNodes" name="test_triples_exclude_unrendered_snippets" time="0.002" /><testcase classname="tests.test_build_context_filtering.TestTriplesOnlyReferenceRenderedNodes" name="test_triples_exclude_unrendered_non_snippet_targets" time="0.001" /><testcase classname="tests.test_build_context_filtering.TestRelationsOnlyReferenceRenderedNodes" name="test_relations_exclude_unrendered_targets" time="0.001" /><testcase classname="tests.test_build_context_filtering.TestRelationsOnlyReferenceRenderedNodes" name="test_no_relations_section_when_all_targets_unrendered" time="0.001" /><testcase classname="tests.test_build_context_filtering.TestRenderedCodeSnippetsIncludeCode" name="test_all_rendered_snippets_have_code_blocks" time="0.001" /><testcase classname="tests.test_build_context_filtering.TestRenderedCodeSnippetsIncludeCode" name="test_snippet_without_code_body_skipped" time="0.001" /><testcase classname="tests.test_build_context_filtering.TestEdgeCases" name="test_empty_node_list_produces_empty_context" time="0.001" /><testcase classname="tests.test_build_context_filtering.TestEdgeCases" name="test_structured_false_omits_triples_section" time="0.001" /><testcase classname="tests.test_build_context_filtering.TestEdgeCases" name="test_consistency_triples_match_relations" time="0.001" /><testcase classname="tests.test_chat_clients.TestOllamaClient" name="test_chat_returns_content" time="0.001" /><testcase classname="tests.test_chat_clients.TestOllamaClient" name="test_chat_returns_empty_on_missing_content" time="0.001" /><testcase classname="tests.test_chat_clients.TestOllamaClient" name="test_chat_returns_empty_on_no_message_key" time="0.001" /><testcase classname="tests.test_chat_clients.TestOllamaClient" name="test_chat_raises_on_http_error" time="0.001" /><testcase classname="tests.test_chat_clients.TestCBorgClient" name="test_chat_returns_content" time="0.205" /><testcase classname="tests.test_chat_clients.TestCBorgClient" name="test_chat_returns_last_choice" time="0.012" /><testcase classname="tests.test_chat_clients.TestCBorgClient" name="test_chat_returns_empty_on_none_content" time="0.012" /><testcase classname="tests.test_chat_clients.TestCBorgClient" name="test_chat_raises_on_connection_error" time="0.012" /><testcase classname="tests.test_chat_clients.TestCBorgClient" name="test_chat_raises_on_timeout" time="0.012" /><testcase classname="tests.test_chat_clients.TestCBorgClient" name="test_chat_raises_on_auth_error" time="0.012" /><testcase classname="tests.test_extract_terms" name="test_make_chat_client_selects_ollama_and_rejects_unknown_backend" time="0.000" /><testcase classname="tests.test_extract_terms" name="test_retry_on_exception_retries_then_succeeds" time="0.000" /><testcase classname="tests.test_extract_terms" name="test_retry_on_exception_raises_last_error_after_exhaustion" time="0.000" /><testcase classname="tests.test_extract_terms" name="test_extract_json_from_text_returns_largest_terms_object" time="0.000" /><testcase classname="tests.test_extract_terms" name="test_extract_json_from_text_returns_empty_terms_for_malformed_text" time="0.000" /><testcase classname="tests.test_extract_terms" name="test_get_context_snippet_finds_sentence_and_stamps_source" time="0.000" /><testcase classname="tests.test_extract_terms" name="test_get_context_snippet_falls_back_to_start_when_term_absent" time="0.000" /><testcase classname="tests.test_extract_terms" name="test_postprocess_term_marks_missing_formula_without_validation_call" time="0.000" /><testcase classname="tests.test_extract_terms" name="test_postprocess_term_records_validation_error" time="0.000" /><testcase classname="tests.test_extract_terms" name="test_postprocess_term_corrects_invalid_formula_with_llm_candidate" time="0.000" /><testcase classname="tests.test_extract_terms" name="test_extract_code_snippets_returns_empty_for_short_pages" time="0.000" /><testcase classname="tests.test_extract_terms" name="test_extract_code_snippets_merges_regex_body_with_llm_domain_context" time="0.000" /><testcase classname="tests.test_extract_terms" name="test_extract_code_snippets_uses_regex_only_when_llm_fails" time="0.000" /><testcase classname="tests.test_extract_terms" name="test_extract_code_snippets_applies_anonymous_llm_context" time="0.000" /><testcase classname="tests.test_extract_terms" name="test_collect_code_snippets_deduplicates_and_saves_once" time="0.001" /><testcase classname="tests.test_extract_terms" name="test_save_terms_threadsafe_writes_properties_key" time="0.001" /><testcase classname="tests.test_extract_terms" name="test_schema_helper_validate_and_fix_term_filters_bad_relations" time="0.000" /><testcase classname="tests.test_extract_terms" name="test_schema_helper_relation_validity_respects_subclasses" time="0.000" /><testcase classname="tests.test_extract_terms_coverage.TestOllamaChatClient" name="test_chat_returns_content" time="0.001" /><testcase classname="tests.test_extract_terms_coverage.TestOllamaChatClient" name="test_chat_raises_on_http_error" time="0.000" /><testcase classname="tests.test_extract_terms_coverage.TestOllamaChatClient" name="test_chat_returns_empty_string_on_missing_content" time="0.000" /><testcase classname="tests.test_extract_terms_coverage.TestCBorgChatClient" name="test_chat_returns_last_choice_content" time="0.000" /><testcase classname="tests.test_extract_terms_coverage.TestCBorgChatClient" name="test_chat_returns_empty_string_when_content_is_none" time="0.000" /><testcase classname="tests.test_extract_terms_coverage.TestMakeChatClient" name="test_cborg_backend_returns_cborg_client" time="0.000" /><testcase classname="tests.test_extract_terms_coverage.TestMakeChatClient" name="test_cborg_openai_alias_also_returns_cborg_client" time="0.000" /><testcase classname="tests.test_extract_terms_coverage.TestMakeChatClient" name="test_unknown_backend_raises_value_error" time="0.000" /><testcase classname="tests.test_extract_terms_coverage.TestExtractPubMetadata" name="test_year_from_explicit_received_date" time="0.002" /><testcase classname="tests.test_extract_terms_coverage.TestExtractPubMetadata" name="test_year_from_explicit_published_year" time="0.001" /><testcase classname="tests.test_extract_terms_coverage.TestExtractPubMetadata" name="test_year_from_accepted_iso_date" time="0.001" /><testcase classname="tests.test_extract_terms_coverage.TestExtractPubMetadata" name="test_year_from_pdf_creation_date_metadata" time="0.001" /><testcase classname="tests.test_extract_terms_coverage.TestExtractPubMetadata" name="test_year_ignores_future_pdf_metadata_date" time="0.001" /><testcase classname="tests.test_extract_terms_coverage.TestExtractPubMetadata" name="test_year_from_month_adjacent_pattern" time="0.001" /><testcase classname="tests.test_extract_terms_coverage.TestExtractPubMetadata" name="test_year_from_most_common_fallback" time="0.001" /><testcase classname="tests.test_extract_terms_coverage.TestExtractPubMetadata" name="test_year_none_when_no_year_present" time="0.001" /><testcase classname="tests.test_extract_terms_coverage.TestExtractPubMetadata" name="test_empty_document_returns_none_year" time="0.001" /><testcase classname="tests.test_extract_terms_coverage.TestExtractPubMetadata" name="test_title_from_pdf_metadata" time="0.001" /><testcase classname="tests.test_extract_terms_coverage.TestExtractPubMetadata" name="test_title_extracted_from_first_substantive_line" time="0.001" /><testcase classname="tests.test_extract_terms_coverage.TestExtractPubMetadata" name="test_doi_extracted_from_first_page_text" time="0.005" /><testcase classname="tests.test_extract_terms_coverage.TestExtractPubMetadata" name="test_doi_extracted_from_pdf_metadata_subject" time="0.001" /><testcase classname="tests.test_extract_terms_coverage.TestExtractPubMetadata" name="test_authors_from_pdf_metadata" time="0.001" /><testcase classname="tests.test_extract_terms_coverage.TestExtractPubMetadata" name="test_journal_extracted_from_first_page" time="0.001" /><testcase classname="tests.test_extract_terms_coverage.TestExtractPubMetadata" name="test_volume_issue_extracted" time="0.001" /><testcase classname="tests.test_extract_terms_coverage.TestExtractPubMetadata" name="test_pages_range_extracted" time="0.001" /><testcase classname="tests.test_extract_terms_coverage.TestExtractPubMetadata" name="test_abstract_extracted_from_first_page" time="0.001" /><testcase classname="tests.test_extract_terms_coverage.TestExtractPubMetadata" name="test_keywords_from_pdf_metadata" time="0.001" /><testcase classname="tests.test_extract_terms_coverage.TestProcessPdf" name="test_happy_path_processes_pages_and_updates_metadata" time="0.003" /><testcase classname="tests.test_extract_terms_coverage.TestProcessPdf" name="test_fitz_open_failure_returns_zero" time="0.001" /><testcase classname="tests.test_extract_terms_coverage.TestProcessPdf" name="test_per_page_exception_is_caught_and_logged" time="0.001" /><testcase classname="tests.test_extract_terms_coverage.TestProcessPdf" name="test_metadata_backfill_propagates_across_terms" time="0.002" /><testcase classname="tests.test_extract_terms_coverage.TestProcessDirectory" name="test_returns_error_for_missing_directory" time="0.001" /><testcase classname="tests.test_extract_terms_coverage.TestProcessDirectory" name="test_returns_success_with_zero_files_for_empty_dir" time="0.001" /><testcase classname="tests.test_extract_terms_coverage.TestProcessDirectory" name="test_importance_scoring_high_medium_low" time="0.001" /><testcase classname="tests.test_extract_terms_coverage.TestProcessDirectory" name="test_processes_all_pdf_files_in_directory" time="0.001" /><testcase classname="tests.test_extract_terms_coverage.TestExtractAndAttachProperties" name="test_returns_false_when_terms_dict_empty" time="0.001" /><testcase classname="tests.test_extract_terms_coverage.TestExtractAndAttachProperties" name="test_returns_false_when_no_raw_props_found" time="0.001" /><testcase classname="tests.test_extract_terms_coverage.TestExtractAndAttachProperties" name="test_attaches_new_property_to_matching_term" time="0.001" /><testcase classname="tests.test_extract_terms_coverage.TestExtractAndAttachProperties" name="test_deduplicates_properties" time="0.001" /><testcase classname="tests.test_extract_terms_coverage.TestExtractAndAttachProperties" name="test_skips_property_for_unknown_material" time="0.001" /><testcase classname="tests.test_extract_terms_coverage.TestProcessPageMergePath" name="test_merge_updates_pages_and_source_papers" time="0.001" /><testcase classname="tests.test_extract_terms_coverage.TestProcessPageMergePath" name="test_merge_backfills_missing_pub_meta_fields" time="0.002" /><testcase classname="tests.test_extract_terms_coverage.TestProcessPageMergePath" name="test_merge_longer_definition_overwrites_shorter" time="0.002" /><testcase classname="tests.test_extract_terms_coverage.TestProcessPageMergePath" name="test_merge_deduplicates_relations" time="0.001" /><testcase classname="tests.test_extract_terms_extended" name="test_init_resumes_from_existing_output_file" time="0.001" /><testcase classname="tests.test_extract_terms_extended" name="test_call_llm_retries_then_succeeds" time="0.001" /><testcase classname="tests.test_extract_terms_extended" name="test_fuzzy_merge_returns_none_when_no_registered_terms" time="0.001" /><testcase classname="tests.test_extract_terms_extended" name="test_fuzzy_merge_returns_key_on_llm_match" time="0.001" /><testcase classname="tests.test_extract_terms_extended" name="test_fuzzy_merge_returns_none_when_llm_response_not_registered" time="0.001" /><testcase classname="tests.test_extract_terms_extended" name="test_process_page_skips_short_pages" time="0.001" /><testcase classname="tests.test_extract_terms_extended" name="test_process_page_handles_llm_failure" time="0.001" /><testcase classname="tests.test_extract_terms_extended" name="test_process_page_handles_json_parse_failure" time="0.001" /><testcase classname="tests.test_extract_terms_extended" name="test_process_page_enriches_pub_meta_from_term_fields" time="0.001" /><testcase classname="tests.test_fastapi_endpoints.TestApiChat" name="test_returns_assistant_response" time="0.004" /><testcase classname="tests.test_fastapi_endpoints.TestApiChat" name="test_empty_messages_returns_400" time="0.002" /><testcase classname="tests.test_fastapi_endpoints.TestApiChat" name="test_model_field_matches_client_model" time="0.002" /><testcase classname="tests.test_fastapi_endpoints.TestOpenAIChatCompletions" name="test_returns_openai_shaped_response" time="0.003" /><testcase classname="tests.test_fastapi_endpoints.TestOpenAIChatCompletions" name="test_empty_messages_returns_400" time="0.002" /><testcase classname="tests.test_fastapi_endpoints.TestOpenAIChatCompletions" name="test_has_id_and_created_fields" time="0.003" /><testcase classname="tests.test_fastapi_endpoints.TestGetEndpoints" name="test_tags_returns_model_list" time="0.002" /><testcase classname="tests.test_fastapi_endpoints.TestGetEndpoints" name="test_version_returns_version_string" time="0.002" /><testcase classname="tests.test_fastapi_endpoints.TestGetEndpoints" name="test_v1_models_returns_openai_format" time="0.003" /><testcase classname="tests.test_fastapi_endpoints.TestGetEndpoints" name="test_ps_returns_empty_processes" time="0.002" /><testcase classname="tests.test_fastapi_endpoints.TestGapTracking" name="test_logs_missing_node_on_zero_evidence" time="0.002" /><testcase classname="tests.test_fastapi_endpoints.TestGapTracking" name="test_logs_domain_knowledge_fallback" time="0.003" /><testcase classname="tests.test_json2kg" name="test_make_id_removes_spaces_and_punctuation" time="0.000" /><testcase classname="tests.test_json2kg" name="test_ensure_list_and_domain_features_handle_empty_or_bad_values" time="0.000" /><testcase classname="tests.test_json2kg" name="test_build_graph_deduplicates_relations_and_stubs_targets" time="0.000" /><testcase classname="tests.test_json2kg" name="test_build_graph_handles_scalar_evidence_and_unknown_names" time="0.000" /><testcase classname="tests.test_json2kg" name="test_build_graph_skips_empty_short_and_unbalanced_code_snippets" time="0.000" /><testcase classname="tests.test_json2kg" name="test_build_graph_remaps_removed_xray_category" time="0.000" /><testcase classname="tests.test_json2kg" name="test_build_graph_remaps_code_snippet_terms_and_wires_real_snippets" time="0.000" /><testcase classname="tests.test_json2kg" name="test_make_code_snippet_node_without_function_name" time="0.000" /><testcase classname="tests.test_json2kg" name="test_convert_terms_to_graph_writes_output" time="0.001" /><testcase classname="tests.test_json2kg" name="test_convert_terms_to_graph_accepts_top_level_list" time="0.001" /><testcase classname="tests.test_json2kg" name="test_main_exits_with_error_for_missing_input" time="0.001" /><testcase classname="tests.test_json2kg" name="test_main_writes_graph_for_valid_input" time="0.001" /><testcase classname="tests.test_json2kg_extended" name="test_build_graph_paper_level_fallback_snippet_wiring" time="0.000" /><testcase classname="tests.test_json2kg_extended" name="test_build_graph_propagates_formula_validation" time="0.000" /><testcase classname="tests.test_json2kg_extended" name="test_build_graph_propagates_properties_list" time="0.000" /><testcase classname="tests.test_json2kg_extended" name="test_convert_terms_to_graph_passes_code_snippets" time="0.001" /><testcase classname="tests.test_json2kg_extended" name="test_convert_terms_to_graph_raises_on_invalid_json_content" time="0.001" /><testcase classname="tests.test_kg_rag_api" name="test_tokenize_entities_and_snippet_helpers" time="0.000" /><testcase classname="tests.test_kg_rag_api" name="test_knowledge_graph_lexical_search_and_bfs" time="0.001" /><testcase classname="tests.test_kg_rag_api" name="test_knowledge_graph_rejects_unknown_retrieval_backend" time="0.001" /><testcase classname="tests.test_kg_rag_api" name="test_knowledge_graph_loads_splash_links_source" time="0.000" /><testcase classname="tests.test_kg_rag_api" name="test_retrieve_nodes_ranks_and_caps_results" time="0.001" /><testcase classname="tests.test_kg_rag_api" name="test_retrieve_nodes_without_bfs" time="0.001" /><testcase classname="tests.test_kg_rag_api" name="test_retrieve_nodes_caps_code_snippet_results" time="0.000" /><testcase classname="tests.test_kg_rag_api" name="test_nodeinfo_score_penalizes_generic_names_and_boosts_recent_nodes" time="0.001" /><testcase classname="tests.test_kg_rag_api" name="test_decompose_splits_compound_questions" time="0.000" /><testcase classname="tests.test_kg_rag_api" name="test_build_context_uses_structured_facts_without_pdf_reads" time="0.001" /><testcase classname="tests.test_kg_rag_api" name="test_build_context_renders_code_snippet_nodes" time="0.001" /><testcase classname="tests.test_kg_rag_api" name="test_load_pdf_text_returns_empty_for_missing_file" time="0.000" /><testcase classname="tests.test_kg_rag_api" name="test_missing_node_tracker_writes_jsonl" time="0.001" /><testcase classname="tests.test_kg_rag_api" name="test_call_llm_timeout_error_message" time="0.000" /><testcase classname="tests.test_kg_rag_api" name="test_fastapi_chat_returns_error_for_missing_messages" time="0.010" /><testcase classname="tests.test_kg_rag_api" name="test_fastapi_exposes_openwebui_model_discovery_and_openai_chat" time="0.004" /><testcase classname="tests.test_kg_rag_api" name="test_conversation_and_prompt_builders" time="0.000" /><testcase classname="tests.test_kg_rag_api" name="test_make_chat_client_rejects_unknown_backend" time="0.000" /><testcase classname="tests.test_kg_rag_api_coverage.TestNounPhrases" name="test_returns_empty_list_for_empty_string" time="0.000" /><testcase classname="tests.test_kg_rag_api_coverage.TestNounPhrases" name="test_returns_whitespace_only_as_empty" time="0.000" /><testcase classname="tests.test_kg_rag_api_coverage.TestNounPhrases" name="test_fallback_returns_full_text_when_nltk_unavailable" time="0.000" /><testcase classname="tests.test_kg_rag_api_coverage.TestNounPhrases" name="test_nltk_path_returns_noun_phrases_when_available" time="0.000" /><testcase classname="tests.test_kg_rag_api_coverage.TestRunFastapi" name="test_run_fastapi_calls_uvicorn_with_correct_args" time="0.061" /><testcase classname="tests.test_kg_rag_api_coverage.TestBuildContextRichFields" name="test_formula_rendered_in_context" time="0.001" /><testcase classname="tests.test_kg_rag_api_coverage.TestBuildContextRichFields" name="test_paper_title_doi_authors_journal_rendered" time="0.001" /><testcase classname="tests.test_kg_rag_api_coverage.TestBuildContextRichFields" name="test_code_snippet_function_domain_authors_rendered" time="0.001" /><testcase classname="tests.test_kg_rag_api_coverage.TestBuildContextRichFields" name="test_relations_rendered_in_context" time="0.001" /><testcase classname="tests.test_kg_rag_api_coverage.TestBuildContextRichFields" name="test_pdf_snippet_injected_when_load_returns_text" time="0.001" /><testcase classname="tests.test_kg_rag_api_coverage.TestBuildContextRichFields" name="test_char_budget_stops_before_adding_more_nodes" time="0.001" /><testcase classname="tests.test_kg_rag_api_coverage.TestBuildNodeinfoScoring" name="test_evidence_ct_positive_for_node_with_source_paper" time="0.001" /><testcase classname="tests.test_kg_rag_api_coverage.TestBuildNodeinfoScoring" name="test_evidence_ct_zero_for_node_without_source_papers" time="0.001" /><testcase classname="tests.test_kg_rag_api_coverage.TestBuildNodeinfoScoring" name="test_formula_boosts_score_prp" time="0.001" /><testcase classname="tests.test_kg_rag_api_coverage.TestExtractQueryEntities" name="test_returns_tokens_for_normal_input" time="0.000" /><testcase classname="tests.test_kg_rag_api_coverage.TestExtractQueryEntities" name="test_returns_empty_for_empty_string" time="0.000" /><testcase classname="tests.test_kg_rag_api_coverage.TestExtractQueryEntities" name="test_deduplicates_entries" time="0.000" /><testcase classname="tests.test_kg_rag_api_coverage.TestExtractQueryEntities" name="test_filters_short_tokens" time="0.000" /><testcase classname="tests.test_kg_rag_api_coverage.TestSnippetTextEdgeCases" name="test_returns_full_text_when_shorter_than_length" time="0.000" /><testcase classname="tests.test_kg_rag_api_coverage.TestSnippetTextEdgeCases" name="test_centers_on_first_hint_occurrence" time="0.000" /><testcase classname="tests.test_kg_rag_api_coverage.TestSnippetTextEdgeCases" name="test_no_hints_falls_back_to_start" time="0.000" /><testcase classname="tests.test_kg_rag_api_coverage.TestFormatDomainFeaturesSourceText" name="test_source_text_included_in_multiline_mode" time="0.000" /><testcase classname="tests.test_kg_rag_api_coverage.TestFormatDomainFeaturesSourceText" name="test_source_text_not_included_in_single_line_mode" time="0.000" /><testcase classname="tests.test_kg_rag_api_coverage.TestFormatDomainFeaturesSourceText" name="test_non_dict_feature_skipped" time="0.000" /><testcase classname="tests.test_kg_rag_api_coverage.TestAutoDeviceAndLoadPdf" name="test_auto_device_returns_cpu_when_force_cpu_set" time="0.000" /><testcase classname="tests.test_kg_rag_api_coverage.TestAutoDeviceAndLoadPdf" name="test_auto_device_returns_cpu_when_cuda_unavailable" time="0.000" /><testcase classname="tests.test_kg_rag_api_coverage.TestAutoDeviceAndLoadPdf" name="test_auto_device_returns_cuda_when_available" time="0.000" /><testcase classname="tests.test_kg_rag_api_coverage.TestAutoDeviceAndLoadPdf" name="test_load_pdf_text_returns_text_from_fitz" time="0.001" /><testcase classname="tests.test_kg_rag_api_coverage.TestSemanticBackend" name="test_semantic_search_returns_node_scores" time="0.002" /><testcase classname="tests.test_kg_rag_api_extended" name="test_lexical_search_cache_hit" time="0.001" /><testcase classname="tests.test_kg_rag_api_extended" name="test_weighted_bfs_multi_hop_score_attenuation" time="0.001" /><testcase classname="tests.test_kg_rag_api_extended" name="test_weighted_bfs_empty_seeds" time="0.001" /><testcase classname="tests.test_kg_rag_api_extended" name="test_build_context_respects_char_budget" time="0.001" /><testcase classname="tests.test_kg_rag_api_extended" name="test_build_context_skips_empty_code_snippet" time="0.001" /><testcase classname="tests.test_kg_rag_api_extended" name="test_format_domain_features_multiline_false" time="0.000" /><testcase classname="tests.test_kg_rag_api_extended" name="test_format_domain_features_skips_incomplete_entries" time="0.000" /><testcase classname="tests.test_kg_rag_api_extended" name="test_fastapi_chat_returns_rag_response" time="0.002" /><testcase classname="tests.test_kg_rag_api_extended" name="test_fastapi_chat_logs_missing_node_on_zero_evidence" time="0.002" /><testcase classname="tests.test_kg_rag_api_extended" name="test_fastapi_chat_logs_domain_knowledge_fallback" time="0.002" /><testcase classname="tests.test_kg_rag_api_extended" name="test_fastapi_tags_returns_kg_rag_model" time="0.002" /><testcase classname="tests.test_kg_rag_api_extended" name="test_fastapi_ps_returns_empty_processes" time="0.002" /><testcase classname="tests.test_kg_rag_api_extended" name="test_ollama_client_chat_returns_content" time="0.001" /><testcase classname="tests.test_kg_rag_api_extended" name="test_ollama_client_chat_raises_on_http_error" time="0.001" /><testcase classname="tests.test_kg_rag_api_extended" name="test_cborg_client_raises_on_connection_error" time="0.012" /><testcase classname="tests.test_kg_rag_api_extended" name="test_cborg_client_raises_on_timeout_error" time="0.012" /><testcase classname="tests.test_kg_rag_api_extended" name="test_cborg_client_raises_on_auth_error" time="0.012" /><testcase classname="tests.test_kg_rag_api_extended" name="test_retrieve_nodes_stepwise_expands_seeds" time="0.001" /><testcase classname="tests.test_kg_rag_api_extended" name="test_snippet_text_no_hint_match_falls_back_to_start" time="0.000" /><testcase classname="tests.test_kg_rag_api_extended" name="test_stepwise_and_bfs_combined" time="0.001" /><testcase classname="tests.test_kg_rag_api_extended" name="test_knowledge_graph_raises_on_malformed_json" time="0.001" /><testcase classname="tests.test_project_config" name="test_load_project_config_reads_yaml_and_uses_cache" time="0.002" /><testcase classname="tests.test_project_config" name="test_load_project_config_returns_empty_for_missing_or_empty_yaml" time="0.001" /><testcase classname="tests.test_project_config" name="test_load_project_config_raises_yaml_error_for_invalid_yaml" time="0.001" /><testcase classname="tests.test_project_config" name="test_get_config_returns_nested_values_and_fallbacks" time="0.001" /><testcase classname="tests.test_project_config" name="test_config_value_prefers_env_then_default_then_literal_then_fallback" time="0.001" /><testcase classname="tests.test_project_config" name="test_config_value_uses_first_defined_env_name_even_if_empty" time="0.001" /><testcase classname="tests.test_project_config" name="test_config_value_returns_dict_literal_without_env_or_default" time="0.001" /><testcase classname="tests.test_project_config" name="test_env_names_accepts_string_list_and_rejects_other_shapes" time="0.000" /><testcase classname="tests.test_project_config" name="test_as_bool_coerces_common_values" time="0.000" /><testcase classname="tests.test_project_config" name="test_secret_env_reads_only_environment_not_yaml_value" time="0.001" /><testcase classname="tests.test_project_config" name="test_secret_env_skips_empty_primary_and_uses_secondary" time="0.001" /><testcase classname="tests.test_project_config" name="test_config_value_cast_skips_none_fallback" time="0.001" /><testcase classname="tests.test_rag_system_prompt.TestRagSystemPrompt" name="test_contains_all_eight_guidelines" time="0.000" /><testcase classname="tests.test_rag_system_prompt.TestRagSystemPrompt" name="test_guideline_8_mentions_code_snippet" time="0.000" /><testcase classname="tests.test_rag_system_prompt.TestRagSystemPrompt" name="test_guideline_8_requires_complete_source_code" time="0.000" /><testcase classname="tests.test_rag_system_prompt.TestRagSystemPrompt" name="test_guideline_8_forbids_claiming_code_missing" time="0.000" /><testcase classname="tests.test_rag_system_prompt.TestRagSystemPrompt" name="test_guideline_8_forbids_claiming_implemented_elsewhere" time="0.000" /><testcase classname="tests.test_rag_system_prompt.TestRagSystemPrompt" name="test_mentions_kg_citation_format" time="0.000" /><testcase classname="tests.test_rag_system_prompt.TestRagSystemPrompt" name="test_mentions_pdf_citation_format" time="0.000" /><testcase classname="tests.test_rag_system_prompt.TestRagSystemPrompt" name="test_mentions_domain_knowledge_marker" time="0.000" /><testcase classname="tests.test_rag_system_prompt.TestRagSystemPrompt" name="test_is_nonempty_string" time="0.000" /><testcase classname="tests.test_rag_system_prompt.TestBuildRagPrompt" name="test_contains_question_section" time="0.000" /><testcase classname="tests.test_rag_system_prompt.TestBuildRagPrompt" name="test_contains_retrieved_context_section" time="0.000" /><testcase classname="tests.test_rag_system_prompt.TestBuildRagPrompt" name="test_contains_citation_instruction" time="0.000" /><testcase classname="tests.test_rag_system_prompt.TestBuildRagPrompt" name="test_contains_domain_knowledge_instruction" time="0.000" /><testcase classname="tests.test_rag_system_prompt.TestBuildRagPrompt" name="test_strips_whitespace_from_question" time="0.000" /><testcase classname="tests.test_rag_system_prompt.TestBuildRagPrompt" name="test_strips_whitespace_from_context" time="0.000" /><testcase classname="tests.test_rag_system_prompt.TestBuildBaselinePrompt" name="test_format" time="0.000" /><testcase classname="tests.test_rag_system_prompt.TestBuildBaselinePrompt" name="test_preserves_question_text" time="0.000" /><testcase classname="tests.test_rag_system_prompt.TestConversation" name="test_initial_state_has_system_message" time="0.000" /><testcase classname="tests.test_rag_system_prompt.TestConversation" name="test_add_appends_user_assistant_pair" time="0.000" /><testcase classname="tests.test_rag_system_prompt.TestConversation" name="test_build_with_prepend_inserts_system_before_user" time="0.000" /><testcase classname="tests.test_rag_system_prompt.TestConversation" name="test_build_without_prepend" time="0.000" /><testcase classname="tests.test_rag_system_prompt.TestConversation" name="test_build_does_not_mutate_internal_state" time="0.000" /><testcase classname="tests.test_run_pipeline_cborg" name="test_organize_papers_into_folders_copies_sorted_pdfs" time="0.005" /><testcase classname="tests.test_run_pipeline_cborg" name="test_organize_papers_handles_empty_source" time="0.001" /><testcase classname="tests.test_run_pipeline_cborg" name="test_organize_papers_caps_at_first_100_pdfs" time="0.030" /><testcase classname="tests.test_run_pipeline_cborg" name="test_run_checkpoint_pipeline_requires_cborg_api_key" time="0.001" /><testcase classname="tests.test_run_pipeline_cborg" name="test_run_checkpoint_pipeline_dry_run_prints_plan_without_side_effects" time="0.002" /><testcase classname="tests.test_run_pipeline_cborg" name="test_run_checkpoint_pipeline_skips_missing_folder_in_dry_run" time="0.001" /><testcase classname="tests.test_run_pipeline_cborg" name="test_run_checkpoint_pipeline_logs_missing_folder" time="0.001" /><testcase classname="tests.test_run_pipeline_cborg" name="test_run_checkpoint_pipeline_extracts_and_converts_incrementally" time="0.003" /><testcase classname="tests.test_run_pipeline_cborg" name="test_run_checkpoint_pipeline_handles_no_pdfs_with_mocked_extraction" time="0.002" /><testcase classname="tests.test_splash_fallback.TestSplashFallbackToJson" name="test_falls_back_on_connection_error" time="0.001" /><testcase classname="tests.test_splash_fallback.TestSplashFallbackToJson" name="test_falls_back_on_runtime_error" time="0.001" /><testcase classname="tests.test_splash_fallback.TestSplashFallbackToJson" name="test_no_fallback_on_splash_success" time="0.001" /><testcase classname="tests.test_splash_fallback.TestSplashFallbackToJson" name="test_splash_links_alias_accepted" time="0.001" /><testcase classname="tests.test_splash_fallback.TestUnknownGraphSource" name="test_raises_value_error" time="0.001" /><testcase classname="tests.test_splash_helpers.TestSplashBaseUrl" name="test_splash_scheme_converts_to_http" time="0.000" /><testcase classname="tests.test_splash_helpers.TestSplashBaseUrl" name="test_http_scheme_passthrough" time="0.000" /><testcase classname="tests.test_splash_helpers.TestSplashBaseUrl" name="test_https_scheme_passthrough" time="0.000" /><testcase classname="tests.test_splash_helpers.TestSplashBaseUrl" name="test_trailing_slash_stripped" time="0.000" /><testcase classname="tests.test_splash_helpers.TestSplashBaseUrl" name="test_unsupported_scheme_raises_value_error" time="0.000" /><testcase classname="tests.test_splash_helpers.TestSplashBaseUrl" name="test_empty_string_raises" time="0.000" /><testcase classname="tests.test_splash_helpers.TestSplashBaseUrl" name="test_no_port" time="0.000" /><testcase classname="tests.test_splash_helpers.TestSplashGraphql" name="test_success_returns_data_payload" time="0.000" /><testcase classname="tests.test_splash_helpers.TestSplashGraphql" name="test_posts_to_correct_url" time="0.000" /><testcase classname="tests.test_splash_helpers.TestSplashGraphql" name="test_http_error_propagates" time="0.000" /><testcase classname="tests.test_splash_helpers.TestSplashGraphql" name="test_graphql_errors_raise_runtime_error" time="0.000" /><testcase classname="tests.test_splash_helpers.TestSplashGraphql" name="test_no_variables_sends_empty_dict" time="0.000" /><testcase classname="tests.test_splash_helpers.TestSplashNodeId" name="test_prefers_uri" time="0.000" /><testcase classname="tests.test_splash_helpers.TestSplashNodeId" name="test_falls_back_to_matkg_id_in_properties" time="0.000" /><testcase classname="tests.test_splash_helpers.TestSplashNodeId" name="test_falls_back_to_uuid_id" time="0.000" /><testcase classname="tests.test_splash_helpers.TestSplashNodeId" name="test_no_properties_key" time="0.000" /><testcase classname="tests.test_splash_helpers.TestSplashNodeId" name="test_none_properties" time="0.000" /><testcase classname="tests.test_splash_helpers.TestSplashNodeId" name="test_empty_uri_falls_through" time="0.000" /><testcase classname="tests.test_splash_helpers.TestSplashEntityToNode" name="test_basic_conversion" time="0.000" /><testcase classname="tests.test_splash_helpers.TestSplashEntityToNode" name="test_spreads_all_properties" time="0.000" /><testcase classname="tests.test_splash_helpers.TestSplashEntityToNode" name="test_missing_name_uses_node_id" time="0.000" /><testcase classname="tests.test_splash_helpers.TestSplashEntityToNode" name="test_missing_entity_type_falls_back_to_properties_category" time="0.000" /><testcase classname="tests.test_splash_helpers.TestSplashEntityToNode" name="test_missing_entity_type_and_category_defaults_to_thing" time="0.000" /><testcase classname="tests.test_splash_helpers.TestSplashEntityToNode" name="test_adds_empty_description_if_missing" time="0.000" /><testcase classname="tests.test_splash_helpers.TestSplashEntityToNode" name="test_none_properties_handled" time="0.000" /><testcase classname="tests.test_splash_helpers.TestLoadSplashLinksGraph" name="test_loads_entities_and_links" time="0.000" /><testcase classname="tests.test_splash_helpers.TestLoadSplashLinksGraph" name="test_skips_links_with_unknown_entity_ids" time="0.000" /><testcase classname="tests.test_splash_helpers.TestLoadSplashLinksGraph" name="test_empty_graph" time="0.000" /><testcase classname="tests.test_splash_helpers.TestLoadSplashLinksGraph" name="test_link_without_predicate_gets_default" time="0.000" /><testcase classname="tests.test_strip_ansi_and_helpers.TestStripAnsi" name="test_removes_color_codes" time="0.000" /><testcase classname="tests.test_strip_ansi_and_helpers.TestStripAnsi" name="test_removes_multiple_codes" time="0.000" /><testcase classname="tests.test_strip_ansi_and_helpers.TestStripAnsi" name="test_passthrough_clean_text" time="0.000" /><testcase classname="tests.test_strip_ansi_and_helpers.TestStripAnsi" name="test_empty_string" time="0.000" /><testcase classname="tests.test_strip_ansi_and_helpers.TestStripAnsi" name="test_removes_erase_codes" time="0.000" /><testcase classname="tests.test_strip_ansi_and_helpers.TestTokenize" name="test_basic" time="0.000" /><testcase classname="tests.test_strip_ansi_and_helpers.TestTokenize" name="test_preserves_alphanumeric" time="0.000" /><testcase classname="tests.test_strip_ansi_and_helpers.TestTokenize" name="test_empty_string" time="0.000" /><testcase classname="tests.test_strip_ansi_and_helpers.TestTokenize" name="test_special_chars_only" time="0.000" /><testcase classname="tests.test_strip_ansi_and_helpers.TestNounPhrases" name="test_empty_string" time="0.000" /><testcase classname="tests.test_strip_ansi_and_helpers.TestNounPhrases" name="test_whitespace_only" time="0.000" /><testcase classname="tests.test_strip_ansi_and_helpers.TestNounPhrases" name="test_fallback_when_nltk_unavailable" time="0.000" /><testcase classname="tests.test_strip_ansi_and_helpers.TestExtractQueryEntities" name="test_extracts_meaningful_tokens" time="0.000" /><testcase classname="tests.test_strip_ansi_and_helpers.TestExtractQueryEntities" name="test_empty_string" time="0.000" /><testcase classname="tests.test_strip_ansi_and_helpers.TestExtractQueryEntities" name="test_deduplicates" time="0.000" /><testcase classname="tests.test_strip_ansi_and_helpers.TestExtractQueryEntities" name="test_filters_short_tokens" time="0.000" /><testcase classname="tests.test_strip_ansi_and_helpers.TestExtractQueryEntities" name="test_punctuation_only_returns_raw_fallback" time="0.000" /><testcase classname="tests.test_strip_ansi_and_helpers.TestSnippetText" name="test_centers_on_hint" time="0.000" /><testcase classname="tests.test_strip_ansi_and_helpers.TestSnippetText" name="test_no_hints_returns_start" time="0.000" /><testcase classname="tests.test_strip_ansi_and_helpers.TestSnippetText" name="test_hint_not_found_returns_start" time="0.000" /><testcase classname="tests.test_strip_ansi_and_helpers.TestSnippetText" name="test_empty_text" time="0.000" /><testcase classname="tests.test_strip_ansi_and_helpers.TestSnippetText" name="test_zero_length" time="0.000" /><testcase classname="tests.test_strip_ansi_and_helpers.TestSnippetText" name="test_short_text_returned_fully" time="0.000" /><testcase classname="tests.test_strip_ansi_and_helpers.TestFormatDomainFeatures" name="test_single_line" time="0.000" /><testcase classname="tests.test_strip_ansi_and_helpers.TestFormatDomainFeatures" name="test_multiline" time="0.000" /><testcase classname="tests.test_strip_ansi_and_helpers.TestFormatDomainFeatures" name="test_skips_empty_name" time="0.000" /><testcase classname="tests.test_strip_ansi_and_helpers.TestFormatDomainFeatures" name="test_skips_empty_value" time="0.000" /><testcase classname="tests.test_strip_ansi_and_helpers.TestFormatDomainFeatures" name="test_non_dict_skipped" time="0.000" /><testcase classname="tests.test_strip_ansi_and_helpers.TestFormatDomainFeatures" name="test_non_list_input" time="0.000" /><testcase classname="tests.test_strip_ansi_and_helpers.TestFormatDomainFeatures" name="test_none_input" time="0.000" /><testcase classname="tests.test_strip_ansi_and_helpers.TestFormatDomainFeatures" name="test_source_text_in_multiline" time="0.000" /><testcase classname="tests.test_strip_ansi_and_helpers.TestFormatDomainFeatures" name="test_no_units" time="0.000" /><testcase classname="tests.test_strip_ansi_and_helpers.TestDecompose" name="test_splits_on_semicolons_and_question_marks" time="0.000" /><testcase classname="tests.test_strip_ansi_and_helpers.TestDecompose" name="test_single_question" time="0.000" /><testcase classname="tests.test_strip_ansi_and_helpers.TestDecompose" name="test_empty_string" time="0.000" /><testcase classname="tests.test_strip_ansi_and_helpers.TestAutoDevice" name="test_force_cpu" time="0.000" /><testcase classname="tests.test_strip_ansi_and_helpers.TestAutoDevice" name="test_no_cuda" time="0.000" /><testcase classname="tests.test_strip_ansi_and_helpers.TestAutoDevice" name="test_cuda_available" time="0.000" /><testcase classname="tests.test_strip_ansi_and_helpers.TestCudaWarmup" name="test_noop_on_cpu" time="0.000" /><testcase classname="tests.test_strip_ansi_and_helpers.TestCudaWarmup" name="test_noop_when_cuda_unavailable" time="0.000" /><testcase classname="tests.test_strip_ansi_and_helpers.TestLoadPdfText" name="test_missing_file_returns_empty" time="0.001" /><testcase classname="tests.test_strip_ansi_and_helpers.TestLoadPdfText" name="test_reads_from_fitz" time="0.001" /><testcase classname="tests.test_strip_ansi_and_helpers.TestMakeChatClient" name="test_ollama_backend" time="0.000" /><testcase classname="tests.test_strip_ansi_and_helpers.TestMakeChatClient" name="test_cborg_backend" time="0.012" /><testcase classname="tests.test_strip_ansi_and_helpers.TestMakeChatClient" name="test_cborg_openai_alias" time="0.012" /><testcase classname="tests.test_strip_ansi_and_helpers.TestMakeChatClient" name="test_unknown_raises" time="0.000" /><testcase classname="tests.test_strip_ansi_and_helpers.TestMissingNodeTracker" name="test_writes_jsonl" time="0.001" /><testcase classname="tests.test_strip_ansi_and_helpers.TestMissingNodeTracker" name="test_appends_multiple_entries" time="0.001" /></testsuite></testsuites>